<?xml version="1.0" encoding="UTF-8"?>
<!-- Generated by org.testng.reporters.JUnitXMLReporter -->
<testsuite ignored="0" hostname="LAPTOP-LU9FG0N5" failures="1" tests="1" name="Bank Managet Login Test" time="2.916" errors="0" timestamp="2021-05-05T18:05:20 EDT">
  <testcase classname="testcases.BankManagerLoginTest" name="loginAsBankmanagerTest" time="2.259">
    <failure type="java.lang.AssertionError" message="Login not Successfull">
      <![CDATA[java.lang.AssertionError: Login not Successfull
at testcases.BankManagerLoginTest.loginAsBankmanagerTest(BankManagerLoginTest.java:23)
at java.base/java.util.ArrayList.forEach(ArrayList.java:1511)
... Removed 28 stack frames]]>
    </failure>
  </testcase> <!-- loginAsBankmanagerTest -->
</testsuite> <!-- Bank Managet Login Test -->
