<?xml version="1.0" encoding="UTF-8"?>
<testng-results ignored="0" total="7" passed="6" failed="0" skipped="1">
  <reporter-output>
    <line>
      <![CDATA[<br>Verification Failure : expected [xyz] but found [abc]<br>]]>
    </line>
    <line>
      <![CDATA[<a target ="_blank" href = Thu_May_06_18_09_42_EDT_2021.jpg><img src =  Thu_May_06_18_09_42_EDT_2021.jpg height=200 width=200></img> </a>]]>
    </line>
    <line>
      <![CDATA[<br>]]>
    </line>
    <line>
      <![CDATA[<br>]]>
    </line>
    <line>
      <![CDATA[Customer added Successfully]]>
    </line>
    <line>
      <![CDATA[Customer added Successfully]]>
    </line>
    <line>
      <![CDATA[Customer added Successfully]]>
    </line>
    <line>
      <![CDATA[Customer added Successfully]]>
    </line>
  </reporter-output>
  <suite started-at="2021-05-06T22:09:42Z" name="Data Driver Basics" finished-at="2021-05-06T22:09:56Z" duration-ms="14205">
    <groups>
    </groups>
    <test started-at="2021-05-06T22:09:42Z" name="Bank Managet Login Test" finished-at="2021-05-06T22:09:45Z" duration-ms="2878">
      <class name="testcases.BankManagerLoginTest">
        <test-method signature="bankmanagerLoginTest()[pri:0, instance:testcases.BankManagerLoginTest@1dd0e7c4]" started-at="2021-05-06T22:09:42Z" name="bankmanagerLoginTest" finished-at="2021-05-06T22:09:44Z" duration-ms="2531" status="PASS">
          <reporter-output>
            <line>
              <![CDATA[<br>Verification Failure : expected [xyz] but found [abc]<br>]]>
            </line>
            <line>
              <![CDATA[<a target ="_blank" href = Thu_May_06_18_09_42_EDT_2021.jpg><img src =  Thu_May_06_18_09_42_EDT_2021.jpg height=200 width=200></img> </a>]]>
            </line>
            <line>
              <![CDATA[<br>]]>
            </line>
            <line>
              <![CDATA[<br>]]>
            </line>
          </reporter-output>
        </test-method> <!-- bankmanagerLoginTest -->
      </class> <!-- testcases.BankManagerLoginTest -->
    </test> <!-- Bank Managet Login Test -->
    <test started-at="2021-05-06T22:09:45Z" name="Add Customer Login Test" finished-at="2021-05-06T22:09:55Z" duration-ms="10310">
      <class name="testcases.AddCustomerTest">
        <test-method signature="addCustomerTest(java.util.Hashtable)[pri:0, instance:testcases.AddCustomerTest@7a8fa663]" started-at="2021-05-06T22:09:45Z" name="addCustomerTest" data-provider="dp" finished-at="2021-05-06T22:09:48Z" duration-ms="2821" status="PASS">
          <params>
            <param index="0">
              <value>
                <![CDATA[{Pcode=A38388, Fname=Sarayu, runmode=Y, Lname=Sirish, Alertmsg=Customer added successfully}]]>
              </value>
            </param>
          </params>
          <reporter-output>
            <line>
              <![CDATA[Customer added Successfully]]>
            </line>
          </reporter-output>
        </test-method> <!-- addCustomerTest -->
        <test-method signature="addCustomerTest(java.util.Hashtable)[pri:0, instance:testcases.AddCustomerTest@7a8fa663]" started-at="2021-05-06T22:09:48Z" name="addCustomerTest" data-provider="dp" finished-at="2021-05-06T22:09:50Z" duration-ms="2355" status="PASS">
          <params>
            <param index="0">
              <value>
                <![CDATA[{Pcode=S37727, Fname=Navya, runmode=Y, Lname=Sai, Alertmsg=Customer added successfully}]]>
              </value>
            </param>
          </params>
          <reporter-output>
            <line>
              <![CDATA[Customer added Successfully]]>
            </line>
          </reporter-output>
        </test-method> <!-- addCustomerTest -->
        <test-method signature="addCustomerTest(java.util.Hashtable)[pri:0, instance:testcases.AddCustomerTest@7a8fa663]" started-at="2021-05-06T22:09:50Z" name="addCustomerTest" data-provider="dp" finished-at="2021-05-06T22:09:53Z" duration-ms="2424" status="PASS">
          <params>
            <param index="0">
              <value>
                <![CDATA[{Pcode=Q373828, Fname=Vihaan, runmode=Y, Lname=Nunna, Alertmsg=Customer added successfully}]]>
              </value>
            </param>
          </params>
          <reporter-output>
            <line>
              <![CDATA[Customer added Successfully]]>
            </line>
          </reporter-output>
        </test-method> <!-- addCustomerTest -->
        <test-method signature="addCustomerTest(java.util.Hashtable)[pri:0, instance:testcases.AddCustomerTest@7a8fa663]" started-at="2021-05-06T22:09:53Z" name="addCustomerTest" data-provider="dp" finished-at="2021-05-06T22:09:55Z" duration-ms="2278" status="PASS">
          <params>
            <param index="0">
              <value>
                <![CDATA[{Pcode=W367777, Fname=Sireesha, runmode=Y, Lname=Jagan, Alertmsg=Customer added successfully}]]>
              </value>
            </param>
          </params>
          <reporter-output>
            <line>
              <![CDATA[Customer added Successfully]]>
            </line>
          </reporter-output>
        </test-method> <!-- addCustomerTest -->
        <test-method signature="addCustomerTest(java.util.Hashtable)[pri:0, instance:testcases.AddCustomerTest@7a8fa663]" started-at="2021-05-06T22:09:55Z" name="addCustomerTest" data-provider="dp" finished-at="2021-05-06T22:09:55Z" duration-ms="1" status="SKIP">
          <params>
            <param index="0">
              <value>
                <![CDATA[{Pcode=E253666, Fname=Bindhu, runmode=N, Lname=Seethayya, Alertmsg=Customer added successfully}]]>
              </value>
            </param>
          </params>
          <exception class="org.testng.SkipException">
            <message>
              <![CDATA[Skipping the test case as the Runmode for data set is NO]]>
            </message>
            <full-stacktrace>
              <![CDATA[org.testng.SkipException: Skipping the test case as the Runmode for data set is NO
at testcases.AddCustomerTest.addCustomerTest(AddCustomerTest.java:37)
at java.base/jdk.internal.reflect.NativeMethodAccessorImpl.invoke0(Native Method)
at java.base/jdk.internal.reflect.NativeMethodAccessorImpl.invoke(NativeMethodAccessorImpl.java:64)
at java.base/jdk.internal.reflect.DelegatingMethodAccessorImpl.invoke(DelegatingMethodAccessorImpl.java:43)
at java.base/java.lang.reflect.Method.invoke(Method.java:564)
at org.testng.internal.MethodInvocationHelper.invokeMethod(MethodInvocationHelper.java:124)
at org.testng.internal.Invoker.invokeMethod(Invoker.java:583)
at org.testng.internal.Invoker.invokeTestMethod(Invoker.java:719)
at org.testng.internal.Invoker.invokeTestMethods(Invoker.java:989)
at org.testng.internal.TestMethodWorker.invokeTestMethods(TestMethodWorker.java:125)
at org.testng.internal.TestMethodWorker.run(TestMethodWorker.java:109)
at org.testng.TestRunner.privateRun(TestRunner.java:648)
at org.testng.TestRunner.run(TestRunner.java:505)
at org.testng.SuiteRunner.runTest(SuiteRunner.java:455)
at org.testng.SuiteRunner.runSequentially(SuiteRunner.java:450)
at org.testng.SuiteRunner.privateRun(SuiteRunner.java:415)
at org.testng.SuiteRunner.run(SuiteRunner.java:364)
at org.testng.SuiteRunnerWorker.runSuite(SuiteRunnerWorker.java:52)
at org.testng.SuiteRunnerWorker.run(SuiteRunnerWorker.java:84)
at org.testng.TestNG.runSuitesSequentially(TestNG.java:1208)
at org.testng.TestNG.runSuitesLocally(TestNG.java:1137)
at org.testng.TestNG.runSuites(TestNG.java:1049)
at org.testng.TestNG.run(TestNG.java:1017)
at org.apache.maven.surefire.testng.TestNGExecutor.run(TestNGExecutor.java:281)
at org.apache.maven.surefire.testng.TestNGXmlTestSuite.execute(TestNGXmlTestSuite.java:75)
at org.apache.maven.surefire.testng.TestNGProvider.invoke(TestNGProvider.java:121)
at org.apache.maven.surefire.booter.ForkedBooter.invokeProviderInSameClassLoader(ForkedBooter.java:290)
at org.apache.maven.surefire.booter.ForkedBooter.runSuitesInProcess(ForkedBooter.java:242)
at org.apache.maven.surefire.booter.ForkedBooter.main(ForkedBooter.java:121)
]]>
            </full-stacktrace>
          </exception> <!-- org.testng.SkipException -->
          <reporter-output>
          </reporter-output>
        </test-method> <!-- addCustomerTest -->
      </class> <!-- testcases.AddCustomerTest -->
    </test> <!-- Add Customer Login Test -->
    <test started-at="2021-05-06T22:09:55Z" name="Open Account Test" finished-at="2021-05-06T22:09:56Z" duration-ms="989">
      <class name="testcases.OpenAccountTest">
        <test-method is-config="true" signature="setUp()[pri:0, instance:testcases.OpenAccountTest@25748410]" started-at="2021-05-06T22:09:35Z" name="setUp" finished-at="2021-05-06T22:09:42Z" duration-ms="6646" status="PASS">
          <reporter-output>
          </reporter-output>
        </test-method> <!-- setUp -->
        <test-method signature="openAccountTest(java.util.Hashtable)[pri:0, instance:testcases.OpenAccountTest@25748410]" started-at="2021-05-06T22:09:55Z" name="openAccountTest" data-provider="dp" finished-at="2021-05-06T22:09:56Z" duration-ms="930" status="PASS">
          <params>
            <param index="0">
              <value>
                <![CDATA[{Currency=Dollar, Customer=Sarayu Sirish}]]>
              </value>
            </param>
          </params>
          <reporter-output>
          </reporter-output>
        </test-method> <!-- openAccountTest -->
        <test-method is-config="true" signature="tearDown()[pri:0, instance:testcases.OpenAccountTest@25748410]" started-at="2021-05-06T22:09:56Z" name="tearDown" finished-at="2021-05-06T22:09:57Z" duration-ms="708" status="PASS">
          <reporter-output>
          </reporter-output>
        </test-method> <!-- tearDown -->
      </class> <!-- testcases.OpenAccountTest -->
    </test> <!-- Open Account Test -->
  </suite> <!-- Data Driver Basics -->
</testng-results>
