<?xml version="1.0" encoding="UTF-8"?>
<!-- Generated by org.testng.reporters.JUnitXMLReporter -->
<testsuite ignored="0" hostname="LAPTOP-LU9FG0N5" failures="0" tests="5" name="Add Customer Login Test" time="10.31" errors="0" timestamp="06 May 2021 22:09:55 GMT">
  <testcase classname="testcases.AddCustomerTest" name="addCustomerTest" time="2.821"/>
  <testcase classname="testcases.AddCustomerTest" name="addCustomerTest" time="2.355"/>
  <testcase classname="testcases.AddCustomerTest" name="addCustomerTest" time="2.424"/>
  <testcase classname="testcases.AddCustomerTest" name="addCustomerTest" time="2.278"/>
  <testcase classname="testcases.AddCustomerTest" name="addCustomerTest" time="0.001">
    <skipped/>
  </testcase> <!-- addCustomerTest -->
</testsuite> <!-- Add Customer Login Test -->
